<?xml version="1.0" encoding="UTF-8"?>
<robot generator="Robot 3.2.2 (Python 3.9.1 on win32)" generated="20210215 07:57:15.720" rpa="false">
<suite id="s1" name="Front Office" source="C:\development\robot-scripts\robot-auto-framework\end-to-end\tests\FrontOffice\Front_Office.robot">
<test id="s1-t1" name="Should be able to access &quot;Team&quot; page">
<kw name="Begin Web Test" library="CommonWeb" type="setup">
<kw name="Open Browser" library="SeleniumLibrary">
<doc>Opens a new browser instance to the optional ``url``.</doc>
<arguments>
<arg>about:blank</arg>
<arg>${BROWSER}</arg>
</arguments>
<msg timestamp="20210215 07:57:16.329" level="INFO">Opening browser 'chrome' to base url 'about:blank'.</msg>
<status status="PASS" starttime="20210215 07:57:16.329" endtime="20210215 07:57:19.655"></status>
</kw>
<status status="PASS" starttime="20210215 07:57:16.327" endtime="20210215 07:57:19.656"></status>
</kw>
<kw name="Go to Landing Page" library="FrontOfficeApp">
<kw name="Navigate To" library="LandingPage">
<kw name="Go To" library="SeleniumLibrary">
<doc>Navigates the current browser window to the provided ``url``.</doc>
<arguments>
<arg>${URL}</arg>
</arguments>
<msg timestamp="20210215 07:57:19.659" level="INFO">Opening url 'http://www.robotframeworktutorial.com/front-office'</msg>
<status status="PASS" starttime="20210215 07:57:19.658" endtime="20210215 07:57:24.460"></status>
</kw>
<status status="PASS" starttime="20210215 07:57:19.657" endtime="20210215 07:57:24.461"></status>
</kw>
<kw name="Verify Page Loaded" library="LandingPage">
<kw name="Wait Until Page Contains Element" library="SeleniumLibrary">
<doc>Waits until the element ``locator`` appears on the current page.</doc>
<arguments>
<arg>${LANDING_NAVIGATION_ELEMENT}</arg>
</arguments>
<status status="PASS" starttime="20210215 07:57:24.462" endtime="20210215 07:57:24.487"></status>
</kw>
<status status="PASS" starttime="20210215 07:57:24.461" endtime="20210215 07:57:24.487"></status>
</kw>
<status status="PASS" starttime="20210215 07:57:19.656" endtime="20210215 07:57:24.489"></status>
</kw>
<kw name="Go to &quot;Team&quot; Page" library="FrontOfficeApp">
<kw name="Select &quot;Team&quot; Page" library="TopNav">
<kw name="Click Element" library="SeleniumLibrary">
<doc>Click the element identified by ``locator``.</doc>
<arguments>
<arg>${TOP_NAV_TEAM_LINK}</arg>
</arguments>
<msg timestamp="20210215 07:57:24.492" level="INFO">Clicking element 'css=#bs-example-navbar-collapse-1 &gt; ul &gt; li:nth-child(5) &gt; a'.</msg>
<status status="PASS" starttime="20210215 07:57:24.491" endtime="20210215 07:57:24.594"></status>
</kw>
<kw name="Sleep" library="BuiltIn">
<doc>Pauses the test executed for the given time.</doc>
<arguments>
<arg>3s</arg>
</arguments>
<msg timestamp="20210215 07:57:27.605" level="INFO">Slept 3 seconds</msg>
<status status="PASS" starttime="20210215 07:57:24.594" endtime="20210215 07:57:27.606"></status>
</kw>
<status status="PASS" starttime="20210215 07:57:24.490" endtime="20210215 07:57:27.607"></status>
</kw>
<kw name="Verify Page Loaded" library="Team">
<kw name="Wait Until Page Contains Element" library="SeleniumLibrary">
<doc>Waits until the element ``locator`` appears on the current page.</doc>
<arguments>
<arg>${TEAM_HEADER_LABEL}</arg>
</arguments>
<status status="PASS" starttime="20210215 07:57:27.608" endtime="20210215 07:57:27.641"></status>
</kw>
<status status="PASS" starttime="20210215 07:57:27.607" endtime="20210215 07:57:27.641"></status>
</kw>
<status status="PASS" starttime="20210215 07:57:24.489" endtime="20210215 07:57:27.641"></status>
</kw>
<kw name="End Web Test" library="CommonWeb" type="teardown">
<kw name="Close All Browsers" library="SeleniumLibrary">
<doc>Closes all open browsers and resets the browser cache.</doc>
<status status="PASS" starttime="20210215 07:57:27.641" endtime="20210215 07:57:29.855"></status>
</kw>
<status status="PASS" starttime="20210215 07:57:27.641" endtime="20210215 07:57:29.855"></status>
</kw>
<doc>This is test 1</doc>
<tags>
<tag>test1</tag>
</tags>
<status status="PASS" starttime="20210215 07:57:16.326" endtime="20210215 07:57:29.857" critical="yes"></status>
</test>
<test id="s1-t2" name="&quot;Team&quot; page should match requirements">
<kw name="Begin Web Test" library="CommonWeb" type="setup">
<kw name="Open Browser" library="SeleniumLibrary">
<doc>Opens a new browser instance to the optional ``url``.</doc>
<arguments>
<arg>about:blank</arg>
<arg>${BROWSER}</arg>
</arguments>
<msg timestamp="20210215 07:57:29.863" level="INFO">Opening browser 'chrome' to base url 'about:blank'.</msg>
<status status="PASS" starttime="20210215 07:57:29.863" endtime="20210215 07:57:33.419"></status>
</kw>
<status status="PASS" starttime="20210215 07:57:29.862" endtime="20210215 07:57:33.420"></status>
</kw>
<kw name="Go to Landing Page" library="FrontOfficeApp">
<kw name="Navigate To" library="LandingPage">
<kw name="Go To" library="SeleniumLibrary">
<doc>Navigates the current browser window to the provided ``url``.</doc>
<arguments>
<arg>${URL}</arg>
</arguments>
<msg timestamp="20210215 07:57:33.422" level="INFO">Opening url 'http://www.robotframeworktutorial.com/front-office'</msg>
<status status="PASS" starttime="20210215 07:57:33.422" endtime="20210215 07:57:38.030"></status>
</kw>
<status status="PASS" starttime="20210215 07:57:33.421" endtime="20210215 07:57:38.031"></status>
</kw>
<kw name="Verify Page Loaded" library="LandingPage">
<kw name="Wait Until Page Contains Element" library="SeleniumLibrary">
<doc>Waits until the element ``locator`` appears on the current page.</doc>
<arguments>
<arg>${LANDING_NAVIGATION_ELEMENT}</arg>
</arguments>
<status status="PASS" starttime="20210215 07:57:38.033" endtime="20210215 07:57:38.078"></status>
</kw>
<status status="PASS" starttime="20210215 07:57:38.032" endtime="20210215 07:57:38.078"></status>
</kw>
<status status="PASS" starttime="20210215 07:57:33.420" endtime="20210215 07:57:38.078"></status>
</kw>
<kw name="Go to &quot;Team&quot; Page" library="FrontOfficeApp">
<kw name="Select &quot;Team&quot; Page" library="TopNav">
<kw name="Click Element" library="SeleniumLibrary">
<doc>Click the element identified by ``locator``.</doc>
<arguments>
<arg>${TOP_NAV_TEAM_LINK}</arg>
</arguments>
<msg timestamp="20210215 07:57:38.086" level="INFO">Clicking element 'css=#bs-example-navbar-collapse-1 &gt; ul &gt; li:nth-child(5) &gt; a'.</msg>
<status status="PASS" starttime="20210215 07:57:38.085" endtime="20210215 07:57:38.259"></status>
</kw>
<kw name="Sleep" library="BuiltIn">
<doc>Pauses the test executed for the given time.</doc>
<arguments>
<arg>3s</arg>
</arguments>
<msg timestamp="20210215 07:57:41.263" level="INFO">Slept 3 seconds</msg>
<status status="PASS" starttime="20210215 07:57:38.259" endtime="20210215 07:57:41.263"></status>
</kw>
<status status="PASS" starttime="20210215 07:57:38.083" endtime="20210215 07:57:41.264"></status>
</kw>
<kw name="Verify Page Loaded" library="Team">
<kw name="Wait Until Page Contains Element" library="SeleniumLibrary">
<doc>Waits until the element ``locator`` appears on the current page.</doc>
<arguments>
<arg>${TEAM_HEADER_LABEL}</arg>
</arguments>
<status status="PASS" starttime="20210215 07:57:41.264" endtime="20210215 07:57:41.309"></status>
</kw>
<status status="PASS" starttime="20210215 07:57:41.264" endtime="20210215 07:57:41.309"></status>
</kw>
<status status="PASS" starttime="20210215 07:57:38.082" endtime="20210215 07:57:41.309"></status>
</kw>
<kw name="Validate &quot;Team&quot; Page" library="FrontOfficeApp">
<kw name="Validate Page Contents" library="Team">
<kw name="Get Text" library="SeleniumLibrary">
<doc>Returns the text value of the element identified by ``locator``.</doc>
<arguments>
<arg>${TEAM_HEADER_LABEL}</arg>
</arguments>
<assign>
<var>${ElementText}</var>
</assign>
<msg timestamp="20210215 07:57:41.371" level="INFO">${ElementText} = OUR AMAZING TEAM</msg>
<status status="PASS" starttime="20210215 07:57:41.313" endtime="20210215 07:57:41.371"></status>
</kw>
<kw name="Should Be Equal As Strings" library="BuiltIn">
<doc>Fails if objects are unequal after converting them to strings.</doc>
<arguments>
<arg>${ElementText}</arg>
<arg>Our Amazing Team</arg>
<arg>ignore_case=true</arg>
</arguments>
<status status="PASS" starttime="20210215 07:57:41.371" endtime="20210215 07:57:41.371"></status>
</kw>
<status status="PASS" starttime="20210215 07:57:41.313" endtime="20210215 07:57:41.371"></status>
</kw>
<status status="PASS" starttime="20210215 07:57:41.312" endtime="20210215 07:57:41.371"></status>
</kw>
<kw name="End Web Test" library="CommonWeb" type="teardown">
<kw name="Close All Browsers" library="SeleniumLibrary">
<doc>Closes all open browsers and resets the browser cache.</doc>
<status status="PASS" starttime="20210215 07:57:41.371" endtime="20210215 07:57:43.607"></status>
</kw>
<status status="PASS" starttime="20210215 07:57:41.371" endtime="20210215 07:57:43.608"></status>
</kw>
<doc>This is test 2</doc>
<tags>
<tag>test2</tag>
</tags>
<status status="PASS" starttime="20210215 07:57:29.860" endtime="20210215 07:57:43.609" critical="yes"></status>
</test>
<doc>Talk about what this suite of tests does</doc>
<status status="PASS" starttime="20210215 07:57:15.724" endtime="20210215 07:57:43.613"></status>
</suite>
<statistics>
<total>
<stat pass="2" fail="0">Critical Tests</stat>
<stat pass="2" fail="0">All Tests</stat>
</total>
<tag>
<stat pass="1" fail="0">test1</stat>
<stat pass="1" fail="0">test2</stat>
</tag>
<suite>
<stat pass="2" fail="0" id="s1" name="Front Office">Front Office</stat>
</suite>
</statistics>
<errors>
</errors>
</robot>
