<?xml version="1.0" encoding="UTF-8"?>
<robot generator="Robot 3.2.2 (Python 3.9.1 on win32)" generated="20210215 07:54:22.640" rpa="false">
<suite id="s1" name="Front Office" source="C:\development\robot-scripts\robot-auto-framework\end-to-end\tests\FrontOffice\Front_Office.robot">
<test id="s1-t1" name="Should be able to access &quot;Team&quot; page">
<kw name="Begin Web Test" library="CommonWeb" type="setup">
<kw name="Open Browser" library="SeleniumLibrary">
<doc>Opens a new browser instance to the optional ``url``.</doc>
<arguments>
<arg>about:blank</arg>
<arg>${BROWSER}</arg>
</arguments>
<msg timestamp="20210215 07:54:23.050" level="INFO">Opening browser 'chrome' to base url 'about:blank'.</msg>
<status status="PASS" starttime="20210215 07:54:23.050" endtime="20210215 07:54:26.527"></status>
</kw>
<status status="PASS" starttime="20210215 07:54:23.050" endtime="20210215 07:54:26.528"></status>
</kw>
<kw name="Go to Landing Page" library="FrontOfficeApp">
<kw name="Landing.Navigate To">
<msg timestamp="20210215 07:54:26.546" level="FAIL">No keyword with name 'Landing.Navigate To' found.</msg>
<status status="FAIL" starttime="20210215 07:54:26.546" endtime="20210215 07:54:26.546"></status>
</kw>
<status status="FAIL" starttime="20210215 07:54:26.530" endtime="20210215 07:54:26.546"></status>
</kw>
<kw name="End Web Test" library="CommonWeb" type="teardown">
<kw name="Close All Browsers" library="SeleniumLibrary">
<doc>Closes all open browsers and resets the browser cache.</doc>
<status status="PASS" starttime="20210215 07:54:26.554" endtime="20210215 07:54:28.861"></status>
</kw>
<status status="PASS" starttime="20210215 07:54:26.552" endtime="20210215 07:54:28.862"></status>
</kw>
<doc>This is test 1</doc>
<tags>
<tag>test1</tag>
</tags>
<status status="FAIL" starttime="20210215 07:54:23.049" endtime="20210215 07:54:28.863" critical="yes">No keyword with name 'Landing.Navigate To' found.</status>
</test>
<test id="s1-t2" name="&quot;Team&quot; page should match requirements">
<kw name="Begin Web Test" library="CommonWeb" type="setup">
<kw name="Open Browser" library="SeleniumLibrary">
<doc>Opens a new browser instance to the optional ``url``.</doc>
<arguments>
<arg>about:blank</arg>
<arg>${BROWSER}</arg>
</arguments>
<msg timestamp="20210215 07:54:28.869" level="INFO">Opening browser 'chrome' to base url 'about:blank'.</msg>
<status status="PASS" starttime="20210215 07:54:28.869" endtime="20210215 07:54:32.354"></status>
</kw>
<status status="PASS" starttime="20210215 07:54:28.869" endtime="20210215 07:54:32.354"></status>
</kw>
<kw name="Go to Landing Page" library="FrontOfficeApp">
<kw name="Landing.Navigate To">
<msg timestamp="20210215 07:54:32.359" level="FAIL">No keyword with name 'Landing.Navigate To' found.</msg>
<status status="FAIL" starttime="20210215 07:54:32.359" endtime="20210215 07:54:32.359"></status>
</kw>
<status status="FAIL" starttime="20210215 07:54:32.354" endtime="20210215 07:54:32.359"></status>
</kw>
<kw name="End Web Test" library="CommonWeb" type="teardown">
<kw name="Close All Browsers" library="SeleniumLibrary">
<doc>Closes all open browsers and resets the browser cache.</doc>
<status status="PASS" starttime="20210215 07:54:32.359" endtime="20210215 07:54:34.503"></status>
</kw>
<status status="PASS" starttime="20210215 07:54:32.359" endtime="20210215 07:54:34.504"></status>
</kw>
<doc>This is test 2</doc>
<tags>
<tag>test2</tag>
</tags>
<status status="FAIL" starttime="20210215 07:54:28.867" endtime="20210215 07:54:34.505" critical="yes">No keyword with name 'Landing.Navigate To' found.</status>
</test>
<doc>Talk about what this suite of tests does</doc>
<status status="FAIL" starttime="20210215 07:54:22.643" endtime="20210215 07:54:34.509"></status>
</suite>
<statistics>
<total>
<stat pass="0" fail="2">Critical Tests</stat>
<stat pass="0" fail="2">All Tests</stat>
</total>
<tag>
<stat pass="0" fail="1">test1</stat>
<stat pass="0" fail="1">test2</stat>
</tag>
<suite>
<stat pass="0" fail="2" id="s1" name="Front Office">Front Office</stat>
</suite>
</statistics>
<errors>
<msg timestamp="20210215 07:54:22.703" level="ERROR">Error in file 'C:\development\robot-scripts\robot-auto-framework\end-to-end\Resources\FrontOffice\FrontOfficeApp.robot' on line 2: Resource file 'PO\Landing.robot' does not exist.</msg>
</errors>
</robot>
